{"level":"error"}
{"level":"error"}
{"level":"error"}
{"message":"title is required","level":"error"}
{"message":"title is required","level":"error"}
{"message":"title is required","level":"error"}
{"message":"title is required","level":"error"}
{"message":"Task was not created successfully","level":"error"}
{"message":"Task was not created successfully","level":"error"}
{"message":"Task was not created successfully","level":"error"}
{"message":"Item with id \"dbd980\" not found","level":"error"}
{"message":"Item with id \"75ae34\" not found","level":"error"}
{"level":"error"}
{"level":"error"}
{"message":"password is required","level":"error"}
{"level":"error"}
{"level":"error"}
{"message":"password is required","level":"error"}
{"message":"password is required","level":"error"}
{"message":"password is required","level":"error"}
{"level":"error"}
{"level":"error"}
{"level":"error"}
{"level":"error"}
{"level":"error"}
{"message":"Account not saved in DB","level":"error"}
{"message":"Account not saved in DB","level":"error"}
{"message":"Account not saved in DB","level":"error"}
{"message":"Account not saved in DB","level":"error"}
{"message":"Account not saved in DB","level":"error"}
{"message":"Account not saved in DB","level":"error"}
{"message":"Account not saved in DB","level":"error"}
{"message":"Account not saved in DB","level":"error"}
{"message":"Account not saved in DB","level":"error"}
